Exporter version: 6.2.4, Blender version: 2.81 (sub 16)
========= Conversion from Blender to Babylon.js =========
	Scene settings used :
		inline textures     :  false
		Material Type       :  PBR
		Positions Precision :  4
		Normals Precision   :  3
		UVs Precision       :  3
		Vert Color Precision:  3
		Mat Weight Precision:  2
		texture directory   :  F:\Projets\Game-on-web\docs\assets\Maps\Alley\
	Python World class constructor completed
	processing begun of camera (UniversalCamera):  Camera
	processing begun of mesh:  Cube.032
		processing begun of material:  Garage
			processing texture garage
				texture type:  diffuseTexture, mapped using: "UVMap"
		num positions      :  4
		num normals        :  4
		num tangents       :  0
		num uvs            :  8
		num uvs2           :  0
		num colors         :  0
		num indices        :  6
	processing begun of mesh:  Cube.040
		processing begun of material:  Trash_blue
		processing begun of material:  Trash-green
		processing begun of material:  Trash_sign
		processing begun of material:  Trash_wheel
		processing begun of multimaterial:  Alley.Multimaterial#0
		num positions      :  335
		num normals        :  335
		num tangents       :  0
		num uvs            :  670
		num uvs2           :  0
		num colors         :  0
		num indices        :  714
	processing begun of mesh:  Sphere
		processing begun of material:  Moon
			processing texture moon
				texture type:  emissiveTexture, mapped using: "UVMap"
		num positions      :  591
		num normals        :  591
		num tangents       :  0
		num uvs            :  1182
		num uvs2           :  0
		num colors         :  0
		num indices        :  3150
	processing begun of mesh:  Cylinder.012
		processing begun of material:  Echelle
		num positions      :  494
		num normals        :  494
		num tangents       :  0
		num uvs            :  988
		num uvs2           :  0
		num colors         :  0
		num indices        :  744
	processing begun of mesh:  Cylinder.014
		processing begun of material:  Echelle
		registered as also a user of material:  Echelle
		num positions      :  5922
		num normals        :  5922
		num tangents       :  0
		num uvs            :  11844
		num uvs2           :  0
		num colors         :  0
		num indices        :  8928
	processing begun of mesh:  Plane
		processing begun of material:  Exterieur
			processing texture plaster3
				texture type:  diffuseTexture, mapped using: "UVMap"
		num positions      :  4
		num normals        :  4
		num tangents       :  0
		num uvs            :  8
		num uvs2           :  0
		num colors         :  0
		num indices        :  6
	processing begun of mesh:  Plane.001
		processing begun of material:  Wall
			processing texture brick
				texture type:  diffuseTexture, mapped using: "UVMap"
		num positions      :  4
		num normals        :  4
		num tangents       :  0
		num uvs            :  8
		num uvs2           :  0
		num colors         :  0
		num indices        :  6
	processing begun of mesh:  Plane.003
		processing begun of material:  Wall
		registered as also a user of material:  Wall
		num positions      :  4
		num normals        :  4
		num tangents       :  0
		num uvs            :  8
		num uvs2           :  0
		num colors         :  0
		num indices        :  6
	processing begun of mesh:  Cube.000
		processing begun of material:  Trash_blue
		processing begun of material:  Trash-green
		processing begun of material:  Trash_sign
		processing begun of material:  Trash_wheel
		registered as also a user of material:  Trash-green
		registered as also a user of material:  Trash_sign
		registered as also a user of material:  Trash_wheel
		processing begun of multimaterial:  Alley.Multimaterial#1
		num positions      :  335
		num normals        :  335
		num tangents       :  0
		num uvs            :  670
		num uvs2           :  0
		num colors         :  0
		num indices        :  714
	processing begun of mesh:  Cube.001
		processing begun of material:  Trash_blue
		processing begun of material:  Trash-green
		processing begun of material:  Trash_sign
		processing begun of material:  Trash_wheel
		registered as also a user of material:  Trash-green
		registered as also a user of material:  Trash_sign
		registered as also a user of material:  Trash_wheel
		processing begun of multimaterial:  Alley.Multimaterial#2
		num positions      :  335
		num normals        :  335
		num tangents       :  0
		num uvs            :  670
		num uvs2           :  0
		num colors         :  0
		num indices        :  714
	processing begun of mesh:  Plane.004
		processing begun of material:  Trotoir
			processing texture stone3
				texture type:  diffuseTexture, mapped using: "UVMap"
		num positions      :  4
		num normals        :  4
		num tangents       :  0
		num uvs            :  8
		num uvs2           :  0
		num colors         :  0
		num indices        :  6
	processing begun of mesh:  Cylinder.003
		processing begun of material:  Metal
			processing texture metal3
				texture type:  diffuseTexture, mapped using: "UVMap"
		num positions      :  735
		num normals        :  735
		num tangents       :  0
		num uvs            :  1470
		num uvs2           :  0
		num colors         :  0
		num indices        :  2484
	processing begun of mesh:  Cylinder.004
		processing begun of material:  Metal
		registered as also a user of material:  Metal
		num positions      :  735
		num normals        :  735
		num tangents       :  0
		num uvs            :  1470
		num uvs2           :  0
		num colors         :  0
		num indices        :  2484
	processing begun of mesh:  Cylinder.005
		processing begun of material:  Metal
		registered as also a user of material:  Metal
		num positions      :  735
		num normals        :  735
		num tangents       :  0
		num uvs            :  1470
		num uvs2           :  0
		num colors         :  0
		num indices        :  2484
	processing begun of mesh:  Cylinder.007
		processing begun of material:  Metal
		registered as also a user of material:  Metal
		num positions      :  735
		num normals        :  735
		num tangents       :  0
		num uvs            :  1470
		num uvs2           :  0
		num colors         :  0
		num indices        :  2484
	processing begun of mesh:  Cylinder.009
		processing begun of material:  Metal
		registered as also a user of material:  Metal
		num positions      :  735
		num normals        :  735
		num tangents       :  0
		num uvs            :  1470
		num uvs2           :  0
		num colors         :  0
		num indices        :  2484
	processing begun of mesh:  Plane.011
		processing begun of material:  Porte_bord
		processing begun of material:  Porte_inside
		processing begun of material:  Porte_poignée
			processing texture wood7
				texture type:  diffuseTexture, mapped using: "UVMap"
			processing texture wood7
				texture type:  diffuseTexture, mapped using: "UVMap"
		processing begun of multimaterial:  Alley.Multimaterial#3
		num positions      :  107
		num normals        :  107
		num tangents       :  0
		num uvs            :  214
		num uvs2           :  0
		num colors         :  0
		num indices        :  156
	processing begun of mesh:  InvisibleBlock
		processing begun of material:  CollisionMat.001
		num positions      :  29
		num normals        :  29
		num tangents       :  0
		num uvs            :  58
		num uvs2           :  0
		num colors         :  0
		num indices        :  36
	processing begun of mesh:  InvisibleBlock.001
		processing begun of material:  CollisionMat.001
		registered as also a user of material:  CollisionMat.001
		num positions      :  29
		num normals        :  29
		num tangents       :  0
		num uvs            :  58
		num uvs2           :  0
		num colors         :  0
		num indices        :  36
	processing begun of light (POINT):  Light
	processing begun of light (POINT):  Point
	processing begun of light (POINT):  Point.001
	processing begun of light (POINT):  Point.002
	processing begun of light (POINT):  Light.001
========= Writing of JSON file started =========
	writing mesh:  Cube.032
	writing mesh:  Cube.040
	writing mesh:  Sphere
	writing mesh:  Cylinder.012
	writing mesh:  Cylinder.014
	writing mesh:  Plane
	writing mesh:  Plane.001
	writing mesh:  Plane.003
	writing mesh:  Cube.000
	writing mesh:  Cube.001
	writing mesh:  Plane.004
	writing mesh:  Cylinder.003
	writing mesh:  Cylinder.004
	writing mesh:  Cylinder.005
	writing mesh:  Cylinder.007
	writing mesh:  Cylinder.009
	writing mesh:  Plane.011
	writing mesh:  InvisibleBlock
	writing mesh:  InvisibleBlock.001
========= Writing of JSON file completed =========
========= end of processing =========
elapsed time:  0 min, 0.8222 secs
