Exporter version: 6.2.4, Blender version: 2.81 (sub 16)
========= Conversion from Blender to Babylon.js =========
	Scene settings used :
		inline textures     :  false
		Material Type       :  PBR
		Positions Precision :  4
		Normals Precision   :  3
		UVs Precision       :  3
		Vert Color Precision:  3
		Mat Weight Precision:  2
		texture directory   :  F:\Projets\Game-on-web\Game\assets\Items\Terminal\
	Python World class constructor completed
	processing begun of mesh:  Terminal
		processing begun of material:  Terminal
		num positions      :  467
		num normals        :  467
		num tangents       :  0
		num uvs            :  934
		num uvs2           :  0
		num colors         :  0
		num indices        :  600
		WARNING: # of 0 area faces found:  32
	processing begun of camera (UniversalCamera):  Camera
	processing begun of mesh:  Cube
		processing begun of material:  Screen
		num positions      :  30
		num normals        :  30
		num tangents       :  0
		num uvs            :  60
		num uvs2           :  0
		num colors         :  0
		num indices        :  36
========= Writing of JSON file started =========
	writing mesh:  Terminal
	writing mesh:  Cube
========= Writing of JSON file completed =========
========= end of processing =========
elapsed time:  0 min, 0.0269 secs
