Exporter version: 6.2.4, Blender version: 2.81 (sub 16)
========= Conversion from Blender to Babylon.js =========
	Scene settings used :
		inline textures     :  false
		Material Type       :  PBR
		Positions Precision :  4
		Normals Precision   :  3
		UVs Precision       :  3
		Vert Color Precision:  3
		Mat Weight Precision:  2
		texture directory   :  F:\Projets\Game-on-web\docs\assets\Maps\CrimeRoom\
	Python World class constructor completed
	processing begun of camera (UniversalCamera):  Camera
	processing begun of mesh:  Plane
		processing begun of material:  Mur_color
		num positions      :  4
		num normals        :  4
		num tangents       :  0
		num uvs            :  8
		num uvs2           :  0
		num colors         :  0
		num indices        :  6
	processing begun of mesh:  Cube
		processing begun of material:  Mur_color
		registered as also a user of material:  Mur_color
		num positions      :  335
		num normals        :  335
		num tangents       :  0
		num uvs            :  670
		num uvs2           :  0
		num colors         :  0
		num indices        :  432
	processing begun of mesh:  Plane.001
		processing begun of material:  Canapé_color
			processing texture plaster
				texture type:  diffuseTexture, mapped using: "UVMap"
		num positions      :  413
		num normals        :  413
		num tangents       :  0
		num uvs            :  826
		num uvs2           :  0
		num colors         :  0
		num indices        :  954
	processing begun of mesh:  Object
		processing begun of material:  Stair
		num positions      :  248
		num normals        :  248
		num tangents       :  0
		num uvs            :  496
		num uvs2           :  0
		num colors         :  0
		num indices        :  1476
	processing begun of mesh:  Circle.001
		processing begun of material:  Stair
		registered as also a user of material:  Stair
		num positions      :  248
		num normals        :  248
		num tangents       :  0
		num uvs            :  496
		num uvs2           :  0
		num colors         :  0
		num indices        :  1476
	processing begun of mesh:  Cube.003
		processing begun of material:  Staircolor
		num positions      :  29
		num normals        :  29
		num tangents       :  0
		num uvs            :  58
		num uvs2           :  0
		num colors         :  0
		num indices        :  36
	processing begun of mesh:  Cube.002
		processing begun of material:  Staircolor
		registered as also a user of material:  Staircolor
		num positions      :  29
		num normals        :  29
		num tangents       :  0
		num uvs            :  58
		num uvs2           :  0
		num colors         :  0
		num indices        :  36
	processing begun of mesh:  Cube.004
		processing begun of material:  Staircolor
		registered as also a user of material:  Staircolor
		num positions      :  29
		num normals        :  29
		num tangents       :  0
		num uvs            :  58
		num uvs2           :  0
		num colors         :  0
		num indices        :  36
	processing begun of mesh:  Cube.005
		processing begun of material:  Staircolor
		registered as also a user of material:  Staircolor
		num positions      :  29
		num normals        :  29
		num tangents       :  0
		num uvs            :  58
		num uvs2           :  0
		num colors         :  0
		num indices        :  36
	processing begun of mesh:  Cube.006
		processing begun of material:  Staircolor
		registered as also a user of material:  Staircolor
		num positions      :  29
		num normals        :  29
		num tangents       :  0
		num uvs            :  58
		num uvs2           :  0
		num colors         :  0
		num indices        :  36
	processing begun of mesh:  Cube.007
		processing begun of material:  Staircolor
		registered as also a user of material:  Staircolor
		num positions      :  29
		num normals        :  29
		num tangents       :  0
		num uvs            :  58
		num uvs2           :  0
		num colors         :  0
		num indices        :  36
	processing begun of mesh:  Cube.008
		processing begun of material:  Staircolor
		registered as also a user of material:  Staircolor
		num positions      :  29
		num normals        :  29
		num tangents       :  0
		num uvs            :  58
		num uvs2           :  0
		num colors         :  0
		num indices        :  36
	processing begun of mesh:  Cube.009
		processing begun of material:  Staircolor
		registered as also a user of material:  Staircolor
		num positions      :  29
		num normals        :  29
		num tangents       :  0
		num uvs            :  58
		num uvs2           :  0
		num colors         :  0
		num indices        :  36
	processing begun of mesh:  Cube.010
		processing begun of material:  Staircolor
		registered as also a user of material:  Staircolor
		num positions      :  29
		num normals        :  29
		num tangents       :  0
		num uvs            :  58
		num uvs2           :  0
		num colors         :  0
		num indices        :  36
	processing begun of mesh:  Cube.011
		processing begun of material:  Staircolor
		registered as also a user of material:  Staircolor
		num positions      :  29
		num normals        :  29
		num tangents       :  0
		num uvs            :  58
		num uvs2           :  0
		num colors         :  0
		num indices        :  36
	processing begun of mesh:  Cube.012
		processing begun of material:  Staircolor
		registered as also a user of material:  Staircolor
		num positions      :  29
		num normals        :  29
		num tangents       :  0
		num uvs            :  58
		num uvs2           :  0
		num colors         :  0
		num indices        :  36
	processing begun of mesh:  Cube.013
		processing begun of material:  Staircolor
		registered as also a user of material:  Staircolor
		num positions      :  29
		num normals        :  29
		num tangents       :  0
		num uvs            :  58
		num uvs2           :  0
		num colors         :  0
		num indices        :  36
	processing begun of mesh:  Circle
		processing begun of material:  Black
		num positions      :  59
		num normals        :  59
		num tangents       :  0
		num uvs            :  118
		num uvs2           :  0
		num colors         :  0
		num indices        :  171
	processing begun of mesh:  Plane.004
		processing begun of material:  Mur_color
		registered as also a user of material:  Mur_color
		num positions      :  6
		num normals        :  6
		num tangents       :  0
		num uvs            :  12
		num uvs2           :  0
		num colors         :  0
		num indices        :  12
	processing begun of mesh:  Plane.005
		WARNING: No materials have been assigned: 
		num positions      :  6
		num normals        :  6
		num tangents       :  0
		num uvs            :  12
		num uvs2           :  0
		num colors         :  0
		num indices        :  12
	processing begun of mesh:  Plane.006
		processing begun of material:  Tapis
		num positions      :  4
		num normals        :  4
		num tangents       :  0
		num uvs            :  8
		num uvs2           :  0
		num colors         :  0
		num indices        :  6
	processing begun of mesh:  Cube.014
		processing begun of material:  Table_top
		processing begun of material:  Table
		processing begun of multimaterial:  CrimeRoom.Multimaterial#0
		num positions      :  339
		num normals        :  339
		num tangents       :  0
		num uvs            :  678
		num uvs2           :  0
		num colors         :  0
		num indices        :  420
	processing begun of mesh:  Circle.002
		processing begun of material:  Sculpture
		num positions      :  248
		num normals        :  248
		num tangents       :  0
		num uvs            :  496
		num uvs2           :  0
		num colors         :  0
		num indices        :  1476
	processing begun of mesh:  Circle.003
		processing begun of material:  Sculpture
		registered as also a user of material:  Sculpture
		num positions      :  248
		num normals        :  248
		num tangents       :  0
		num uvs            :  496
		num uvs2           :  0
		num colors         :  0
		num indices        :  1476
	processing begun of mesh:  Cylinder
		processing begun of material:  Scultupture_bot
		num positions      :  183
		num normals        :  183
		num tangents       :  0
		num uvs            :  366
		num uvs2           :  0
		num colors         :  0
		num indices        :  276
	processing begun of mesh:  Cube.001
		processing begun of material:  Mur_color
		registered as also a user of material:  Mur_color
		num positions      :  320
		num normals        :  320
		num tangents       :  0
		num uvs            :  640
		num uvs2           :  0
		num colors         :  0
		num indices        :  432
	processing begun of mesh:  Plane.007
		processing begun of material:  Table_color
		num positions      :  88
		num normals        :  88
		num tangents       :  0
		num uvs            :  176
		num uvs2           :  0
		num colors         :  0
		num indices        :  516
	processing begun of mesh:  Cube.015
		processing begun of material:  TV
		num positions      :  104
		num normals        :  104
		num tangents       :  0
		num uvs            :  208
		num uvs2           :  0
		num colors         :  0
		num indices        :  132
	processing begun of mesh:  Plane.008
		processing begun of material:  City1
			processing texture city1
				texture type:  diffuseTexture, mapped using: "UVMap"
		num positions      :  4
		num normals        :  4
		num tangents       :  0
		num uvs            :  8
		num uvs2           :  0
		num colors         :  0
		num indices        :  6
	processing begun of mesh:  Plane.009
		processing begun of material:  City1
		registered as also a user of material:  City1
		num positions      :  4
		num normals        :  4
		num tangents       :  0
		num uvs            :  8
		num uvs2           :  0
		num colors         :  0
		num indices        :  6
	processing begun of mesh:  Cube.016
		processing begun of material:  Chair
		num positions      :  29
		num normals        :  29
		num tangents       :  0
		num uvs            :  58
		num uvs2           :  0
		num colors         :  0
		num indices        :  36
	processing begun of mesh:  Cube.017
		processing begun of material:  Chair
		registered as also a user of material:  Chair
		num positions      :  29
		num normals        :  29
		num tangents       :  0
		num uvs            :  58
		num uvs2           :  0
		num colors         :  0
		num indices        :  36
	processing begun of mesh:  Cube.018
		processing begun of material:  Chair
		registered as also a user of material:  Chair
		num positions      :  29
		num normals        :  29
		num tangents       :  0
		num uvs            :  58
		num uvs2           :  0
		num colors         :  0
		num indices        :  36
	processing begun of mesh:  Cube.019
		processing begun of material:  Chair
		registered as also a user of material:  Chair
		num positions      :  29
		num normals        :  29
		num tangents       :  0
		num uvs            :  58
		num uvs2           :  0
		num colors         :  0
		num indices        :  36
	processing begun of mesh:  Plane.010
		processing begun of material:  Chair
		processing begun of material:  ChairInside
		processing begun of multimaterial:  CrimeRoom.Multimaterial#1
		num positions      :  306
		num normals        :  306
		num tangents       :  0
		num uvs            :  612
		num uvs2           :  0
		num colors         :  0
		num indices        :  1416
	processing begun of mesh:  Plane.011
		processing begun of material:  Chair
		processing begun of material:  ChairInside
		registered as also a user of material:  ChairInside
		processing begun of multimaterial:  CrimeRoom.Multimaterial#2
		num positions      :  306
		num normals        :  306
		num tangents       :  0
		num uvs            :  612
		num uvs2           :  0
		num colors         :  0
		num indices        :  1416
	processing begun of mesh:  Plane.012
		processing begun of material:  Chair
		processing begun of material:  ChairInside
		registered as also a user of material:  ChairInside
		processing begun of multimaterial:  CrimeRoom.Multimaterial#3
		num positions      :  306
		num normals        :  306
		num tangents       :  0
		num uvs            :  612
		num uvs2           :  0
		num colors         :  0
		num indices        :  1416
	processing begun of mesh:  Plane.013
		processing begun of material:  Chair
		processing begun of material:  ChairInside
		registered as also a user of material:  ChairInside
		processing begun of multimaterial:  CrimeRoom.Multimaterial#4
		num positions      :  306
		num normals        :  306
		num tangents       :  0
		num uvs            :  612
		num uvs2           :  0
		num colors         :  0
		num indices        :  1416
	processing begun of mesh:  Plane.014
		processing begun of material:  Chair
		processing begun of material:  ChairInside
		registered as also a user of material:  ChairInside
		processing begun of multimaterial:  CrimeRoom.Multimaterial#5
		num positions      :  306
		num normals        :  306
		num tangents       :  0
		num uvs            :  612
		num uvs2           :  0
		num colors         :  0
		num indices        :  1416
	processing begun of mesh:  Plane.015
		processing begun of material:  Chair
		processing begun of material:  ChairInside
		registered as also a user of material:  ChairInside
		processing begun of multimaterial:  CrimeRoom.Multimaterial#6
		num positions      :  306
		num normals        :  306
		num tangents       :  0
		num uvs            :  612
		num uvs2           :  0
		num colors         :  0
		num indices        :  1416
	processing begun of mesh:  Plane.016
		processing begun of material:  Chair
		processing begun of material:  ChairInside
		registered as also a user of material:  ChairInside
		processing begun of multimaterial:  CrimeRoom.Multimaterial#7
		num positions      :  306
		num normals        :  306
		num tangents       :  0
		num uvs            :  612
		num uvs2           :  0
		num colors         :  0
		num indices        :  1416
	processing begun of mesh:  Plane.017
		processing begun of material:  Chair
		processing begun of material:  ChairInside
		registered as also a user of material:  ChairInside
		processing begun of multimaterial:  CrimeRoom.Multimaterial#8
		num positions      :  306
		num normals        :  306
		num tangents       :  0
		num uvs            :  612
		num uvs2           :  0
		num colors         :  0
		num indices        :  1416
	processing begun of mesh:  Object.001
		processing begun of material:  Stair
		registered as also a user of material:  Stair
		num positions      :  248
		num normals        :  248
		num tangents       :  0
		num uvs            :  496
		num uvs2           :  0
		num colors         :  0
		num indices        :  1476
	processing begun of mesh:  Circle.004
		processing begun of material:  Stair
		registered as also a user of material:  Stair
		num positions      :  248
		num normals        :  248
		num tangents       :  0
		num uvs            :  496
		num uvs2           :  0
		num colors         :  0
		num indices        :  1476
	processing begun of mesh:  Plane.018
		processing begun of material:  Canapé_color
		registered as also a user of material:  Canapé_color
		num positions      :  311
		num normals        :  311
		num tangents       :  0
		num uvs            :  622
		num uvs2           :  0
		num colors         :  0
		num indices        :  816
	processing begun of mesh:  Cube.021
		processing begun of material:  Ascenceur
		processing begun of material:  Ascenceur2
		processing begun of material:  Ascenceur3
			processing texture metal
				texture type:  diffuseTexture, mapped using: "UVMap"
		processing begun of multimaterial:  CrimeRoom.Multimaterial#9
		num positions      :  165
		num normals        :  165
		num tangents       :  0
		num uvs            :  330
		num uvs2           :  0
		num colors         :  0
		num indices        :  240
	processing begun of mesh:  Plane.019
		processing begun of material:  Material.001
			processing texture metal4
				texture type:  diffuseTexture, mapped using: "UVMap"
		num positions      :  30
		num normals        :  30
		num tangents       :  0
		num uvs            :  60
		num uvs2           :  0
		num colors         :  0
		num indices        :  36
	processing begun of mesh:  Cube.027
		processing begun of material:  Tableau
		processing begun of material:  Tableau_image5
			processing texture metal4
				texture type:  diffuseTexture, mapped using: "UVMap"
			processing texture mini_titan
				texture type:  diffuseTexture, mapped using: "UVMap"
		processing begun of multimaterial:  CrimeRoom.Multimaterial#10
		num positions      :  68
		num normals        :  68
		num tangents       :  0
		num uvs            :  136
		num uvs2           :  0
		num colors         :  0
		num indices        :  84
	processing begun of mesh:  Cube.020
		processing begun of material:  Tableau
		processing begun of material:  Tableau_image5
			processing texture metal4
				texture type:  diffuseTexture, mapped using: "UVMap"
		registered as also a user of material:  Tableau_image5
		processing begun of multimaterial:  CrimeRoom.Multimaterial#11
		num positions      :  69
		num normals        :  69
		num tangents       :  0
		num uvs            :  138
		num uvs2           :  0
		num colors         :  0
		num indices        :  84
	processing begun of mesh:  Cube.022
		processing begun of material:  Tableau
		processing begun of material:  Tableau_ image6
			processing texture metal4
				texture type:  diffuseTexture, mapped using: "UVMap"
			processing texture mini_kepler186f
				texture type:  diffuseTexture, mapped using: "UVMap"
		processing begun of multimaterial:  CrimeRoom.Multimaterial#12
		num positions      :  69
		num normals        :  69
		num tangents       :  0
		num uvs            :  138
		num uvs2           :  0
		num colors         :  0
		num indices        :  84
	processing begun of mesh:  InvisibleBlock
		processing begun of material:  CollisionMat.001
		num positions      :  29
		num normals        :  29
		num tangents       :  0
		num uvs            :  58
		num uvs2           :  0
		num colors         :  0
		num indices        :  36
	processing begun of light (POINT):  Light
	processing begun of light (POINT):  Light.001
	processing begun of light (POINT):  Light.002
	processing begun of light (POINT):  Light.003
========= Writing of JSON file started =========
	writing mesh:  Plane
	writing mesh:  Cube
	writing mesh:  Plane.001
	writing mesh:  Object
	writing mesh:  Circle.001
	writing mesh:  Cube.003
	writing mesh:  Cube.002
	writing mesh:  Cube.004
	writing mesh:  Cube.005
	writing mesh:  Cube.006
	writing mesh:  Cube.007
	writing mesh:  Cube.008
	writing mesh:  Cube.009
	writing mesh:  Cube.010
	writing mesh:  Cube.011
	writing mesh:  Cube.012
	writing mesh:  Cube.013
	writing mesh:  Circle
	writing mesh:  Plane.004
	writing mesh:  Plane.005
	writing mesh:  Plane.006
	writing mesh:  Cube.014
	writing mesh:  Circle.002
	writing mesh:  Circle.003
	writing mesh:  Cylinder
	writing mesh:  Cube.001
	writing mesh:  Plane.007
	writing mesh:  Cube.015
	writing mesh:  Plane.008
	writing mesh:  Plane.009
	writing mesh:  Cube.016
	writing mesh:  Cube.017
	writing mesh:  Cube.018
	writing mesh:  Cube.019
	writing mesh:  Plane.010
	writing mesh:  Plane.011
	writing mesh:  Plane.012
	writing mesh:  Plane.013
	writing mesh:  Plane.014
	writing mesh:  Plane.015
	writing mesh:  Plane.016
	writing mesh:  Plane.017
	writing mesh:  Object.001
	writing mesh:  Circle.004
	writing mesh:  Plane.018
	writing mesh:  Cube.021
	writing mesh:  Plane.019
	writing mesh:  Cube.027
	writing mesh:  Cube.020
	writing mesh:  Cube.022
	writing mesh:  InvisibleBlock
========= Writing of JSON file completed =========
========= end of processing =========
elapsed time:  0 min, 4.4787 secs
