Exporter version: 6.2.4, Blender version: 2.81 (sub 16)
========= Conversion from Blender to Babylon.js =========
	Scene settings used :
		inline textures     :  false
		Material Type       :  PBR
		Positions Precision :  4
		Normals Precision   :  3
		UVs Precision       :  3
		Vert Color Precision:  3
		Mat Weight Precision:  2
		texture directory   :  F:\Projets\Game-on-web\Game\assets\Maps\Bar\
	Python World class constructor completed
	WARNING: No active camera has been assigned, or is not in a currently selected Blender layer
	processing begun of camera (UniversalCamera):  Camera
	processing begun of mesh:  Clavier
		processing begun of material:  Piano_touches
		processing begun of material:  Piano_touches_noires
		processing begun of multimaterial:  Bar.Multimaterial#0
		num positions      :  629
		num normals        :  629
		num tangents       :  0
		num uvs            :  1258
		num uvs2           :  0
		num colors         :  0
		num indices        :  756
	processing begun of mesh:  Clavier.001
		processing begun of material:  Sol
			processing texture wood1
				texture type:  diffuseTexture, mapped using: "UVMap"
		num positions      :  31
		num normals        :  31
		num tangents       :  0
		num uvs            :  62
		num uvs2           :  0
		num colors         :  0
		num indices        :  36
	processing begun of mesh:  Cube
		processing begun of material:  Sol
		registered as also a user of material:  Sol
		num positions      :  30
		num normals        :  30
		num tangents       :  0
		num uvs            :  60
		num uvs2           :  0
		num colors         :  0
		num indices        :  36
	processing begun of mesh:  Cube.001
		processing begun of material:  Material.003
		processing begun of material:  Wallpaper
			processing texture wood5
				texture type:  diffuseTexture, mapped using: "UVMap"
			processing texture wallpaper2
				texture type:  diffuseTexture, mapped using: "UVMap"
		processing begun of multimaterial:  Bar.Multimaterial#1
		num positions      :  131
		num normals        :  131
		num tangents       :  0
		num uvs            :  262
		num uvs2           :  0
		num colors         :  0
		num indices        :  180
	processing begun of mesh:  Cube.004
		processing begun of material:  Material.005
		processing begun of material:  Material.012
			processing texture leather
				texture type:  diffuseTexture, mapped using: "UVMap"
			processing texture wood1
				texture type:  diffuseTexture, mapped using: "UVMap"
		processing begun of multimaterial:  Bar.Multimaterial#2
		num positions      :  262
		num normals        :  262
		num tangents       :  0
		num uvs            :  524
		num uvs2           :  0
		num colors         :  0
		num indices        :  396
	processing begun of mesh:  Cube.006
		processing begun of material:  Material.006
			processing texture wood5
				texture type:  diffuseTexture, mapped using: "UVMap"
		num positions      :  29
		num normals        :  29
		num tangents       :  0
		num uvs            :  58
		num uvs2           :  0
		num colors         :  0
		num indices        :  36
	processing begun of mesh:  Cube.007
		processing begun of material:  Material.006
		registered as also a user of material:  Material.006
		num positions      :  29
		num normals        :  29
		num tangents       :  0
		num uvs            :  58
		num uvs2           :  0
		num colors         :  0
		num indices        :  36
	processing begun of mesh:  Cube.008
		processing begun of material:  Material.006
		registered as also a user of material:  Material.006
		num positions      :  29
		num normals        :  29
		num tangents       :  0
		num uvs            :  58
		num uvs2           :  0
		num colors         :  0
		num indices        :  36
	processing begun of mesh:  Cube.009
		processing begun of material:  Material.001
			processing texture wood1
				texture type:  diffuseTexture, mapped using: "UVMap"
		num positions      :  349
		num normals        :  349
		num tangents       :  0
		num uvs            :  698
		num uvs2           :  0
		num colors         :  0
		num indices        :  435
	processing begun of mesh:  Cube.010
		processing begun of material:  Material.015
		processing begun of material:  Material.016
		processing begun of material:  Material.017
			processing texture wood
				texture type:  diffuseTexture, mapped using: "UVMap"
			processing texture wood1
				texture type:  diffuseTexture, mapped using: "UVMap"
		processing begun of multimaterial:  Bar.Multimaterial#3
		num positions      :  255
		num normals        :  255
		num tangents       :  0
		num uvs            :  510
		num uvs2           :  0
		num colors         :  0
		num indices        :  300
	processing begun of mesh:  Cube.014
		processing begun of material:  Comptoir
			processing texture wood1
				texture type:  diffuseTexture, mapped using: "UVMap"
		num positions      :  746
		num normals        :  746
		num tangents       :  0
		num uvs            :  1492
		num uvs2           :  0
		num colors         :  0
		num indices        :  1122
	processing begun of mesh:  Cube.015
		processing begun of material:  Neon2
		num positions      :  79
		num normals        :  79
		num tangents       :  0
		num uvs            :  158
		num uvs2           :  0
		num colors         :  0
		num indices        :  132
	processing begun of mesh:  Cube.017
		processing begun of material:  Material.006
		registered as also a user of material:  Material.006
		num positions      :  29
		num normals        :  29
		num tangents       :  0
		num uvs            :  58
		num uvs2           :  0
		num colors         :  0
		num indices        :  36
	processing begun of mesh:  Cube.018
		processing begun of material:  Material.022
		num positions      :  29
		num normals        :  29
		num tangents       :  0
		num uvs            :  58
		num uvs2           :  0
		num colors         :  0
		num indices        :  36
	processing begun of mesh:  Cube.019
		processing begun of material:  Bouteille_bouchon2
		processing begun of material:  Bouteille_avant2
		processing begun of multimaterial:  Bar.Multimaterial#4
		num positions      :  138
		num normals        :  138
		num tangents       :  0
		num uvs            :  276
		num uvs2           :  0
		num colors         :  0
		num indices        :  156
	processing begun of mesh:  Cube.020
		processing begun of material:  Tapis_bord
		processing begun of material:  Tapis_inside
			processing texture wood
				texture type:  diffuseTexture, mapped using: "UVMap"
		processing begun of multimaterial:  Bar.Multimaterial#5
		num positions      :  314
		num normals        :  314
		num tangents       :  0
		num uvs            :  628
		num uvs2           :  0
		num colors         :  0
		num indices        :  576
	processing begun of mesh:  Cube.021
		processing begun of material:  Chaise_bois
		processing begun of material:  Chaise_bois2
		processing begun of material:  Chaise_sit
			processing texture wood1
				texture type:  diffuseTexture, mapped using: "UVMap"
			processing texture wood7
				texture type:  diffuseTexture, mapped using: "UVMap"
			processing texture wood3
				texture type:  diffuseTexture, mapped using: "UVMap"
		processing begun of multimaterial:  Bar.Multimaterial#6
		num positions      :  778
		num normals        :  778
		num tangents       :  0
		num uvs            :  1556
		num uvs2           :  0
		num colors         :  0
		num indices        :  1398
	processing begun of mesh:  Cube.022
		processing begun of material:  Material.023
			processing texture wood1
				texture type:  diffuseTexture, mapped using: "UVMap"
		num positions      :  350
		num normals        :  350
		num tangents       :  0
		num uvs            :  700
		num uvs2           :  0
		num colors         :  0
		num indices        :  690
	processing begun of mesh:  Cube.025
		processing begun of material:  Chaise_bois
		processing begun of material:  Chaise_bois2
		processing begun of material:  Chaise_sit
			processing texture wood1
				texture type:  diffuseTexture, mapped using: "UVMap"
		registered as also a user of material:  Chaise_bois2
		registered as also a user of material:  Chaise_sit
		processing begun of multimaterial:  Bar.Multimaterial#7
		num positions      :  778
		num normals        :  778
		num tangents       :  0
		num uvs            :  1556
		num uvs2           :  0
		num colors         :  0
		num indices        :  1398
	processing begun of mesh:  Cube.026
		processing begun of material:  Material.023
		registered as also a user of material:  Material.023
		num positions      :  350
		num normals        :  350
		num tangents       :  0
		num uvs            :  700
		num uvs2           :  0
		num colors         :  0
		num indices        :  690
	processing begun of mesh:  Cube.027
		processing begun of material:  Chaise_bois
		processing begun of material:  Chaise_bois2
		processing begun of material:  Chaise_sit
			processing texture wood1
				texture type:  diffuseTexture, mapped using: "UVMap"
		registered as also a user of material:  Chaise_bois2
		registered as also a user of material:  Chaise_sit
		processing begun of multimaterial:  Bar.Multimaterial#8
		num positions      :  778
		num normals        :  778
		num tangents       :  0
		num uvs            :  1556
		num uvs2           :  0
		num colors         :  0
		num indices        :  1398
	processing begun of mesh:  Cube.028
		processing begun of material:  Material.023
		registered as also a user of material:  Material.023
		num positions      :  350
		num normals        :  350
		num tangents       :  0
		num uvs            :  700
		num uvs2           :  0
		num colors         :  0
		num indices        :  690
	processing begun of mesh:  Cube.029
		processing begun of material:  Neon2
		registered as also a user of material:  Neon2
		num positions      :  60
		num normals        :  60
		num tangents       :  0
		num uvs            :  120
		num uvs2           :  0
		num colors         :  0
		num indices        :  354
	processing begun of mesh:  Cube.030
		processing begun of material:  Neon2
		registered as also a user of material:  Neon2
		num positions      :  60
		num normals        :  60
		num tangents       :  0
		num uvs            :  120
		num uvs2           :  0
		num colors         :  0
		num indices        :  354
	processing begun of mesh:  Cube.032
		processing begun of material:  Bouteille_avant2
		processing begun of material:  Material.025
		processing begun of multimaterial:  Bar.Multimaterial#9
		num positions      :  56
		num normals        :  56
		num tangents       :  0
		num uvs            :  112
		num uvs2           :  0
		num colors         :  0
		num indices        :  156
	processing begun of mesh:  Cube.033
		processing begun of material:  Bouteille_etiquette
		processing begun of material:  Partition
			processing texture partition
				texture type:  diffuseTexture, mapped using: "UVMap"
		processing begun of multimaterial:  Bar.Multimaterial#10
		num positions      :  92
		num normals        :  92
		num tangents       :  0
		num uvs            :  184
		num uvs2           :  0
		num colors         :  0
		num indices        :  132
	processing begun of mesh:  Cube.034
		processing begun of material:  Chaise_bois
		processing begun of material:  Chaise_bois2
		processing begun of material:  Chaise_sit
			processing texture wood1
				texture type:  diffuseTexture, mapped using: "UVMap"
		registered as also a user of material:  Chaise_bois2
		registered as also a user of material:  Chaise_sit
		processing begun of multimaterial:  Bar.Multimaterial#11
		num positions      :  778
		num normals        :  778
		num tangents       :  0
		num uvs            :  1556
		num uvs2           :  0
		num colors         :  0
		num indices        :  1398
	processing begun of mesh:  Cube.035
		processing begun of material:  Material.023
		registered as also a user of material:  Material.023
		num positions      :  350
		num normals        :  350
		num tangents       :  0
		num uvs            :  700
		num uvs2           :  0
		num colors         :  0
		num indices        :  690
	processing begun of mesh:  Cube.036
		processing begun of material:  Chaise_bois
		processing begun of material:  Chaise_bois2
		processing begun of material:  Chaise_sit
			processing texture wood1
				texture type:  diffuseTexture, mapped using: "UVMap"
		registered as also a user of material:  Chaise_bois2
		registered as also a user of material:  Chaise_sit
		processing begun of multimaterial:  Bar.Multimaterial#12
		num positions      :  778
		num normals        :  778
		num tangents       :  0
		num uvs            :  1556
		num uvs2           :  0
		num colors         :  0
		num indices        :  1398
	processing begun of mesh:  Cube.037
		processing begun of material:  Material.023
		registered as also a user of material:  Material.023
		num positions      :  350
		num normals        :  350
		num tangents       :  0
		num uvs            :  700
		num uvs2           :  0
		num colors         :  0
		num indices        :  690
	processing begun of mesh:  Cube.038
		processing begun of material:  Chaise_bois
		processing begun of material:  Chaise_bois2
		processing begun of material:  Chaise_sit
			processing texture wood1
				texture type:  diffuseTexture, mapped using: "UVMap"
		registered as also a user of material:  Chaise_bois2
		registered as also a user of material:  Chaise_sit
		processing begun of multimaterial:  Bar.Multimaterial#13
		num positions      :  778
		num normals        :  778
		num tangents       :  0
		num uvs            :  1556
		num uvs2           :  0
		num colors         :  0
		num indices        :  1398
	processing begun of mesh:  Cube.039
		processing begun of material:  Material.023
		registered as also a user of material:  Material.023
		num positions      :  350
		num normals        :  350
		num tangents       :  0
		num uvs            :  700
		num uvs2           :  0
		num colors         :  0
		num indices        :  690
	processing begun of mesh:  Cylinder
		WARNING: No materials have been assigned: 
		num positions      :  133
		num normals        :  133
		num tangents       :  0
		num uvs            :  266
		num uvs2           :  0
		num colors         :  0
		num indices        :  168
	processing begun of mesh:  Cylinder.000
		processing begun of material:  Material.008
		num positions      :  406
		num normals        :  406
		num tangents       :  0
		num uvs            :  812
		num uvs2           :  0
		num colors         :  0
		num indices        :  1332
	processing begun of mesh:  Cylinder.002
		processing begun of material:  Material.008
		registered as also a user of material:  Material.008
		num positions      :  406
		num normals        :  406
		num tangents       :  0
		num uvs            :  812
		num uvs2           :  0
		num colors         :  0
		num indices        :  1332
	processing begun of mesh:  Cylinder.003
		processing begun of material:  Material.004
		processing begun of material:  Neon2
			processing texture wood1
				texture type:  diffuseTexture, mapped using: "UVMap"
		registered as also a user of material:  Neon2
		processing begun of multimaterial:  Bar.Multimaterial#14
		num positions      :  1161
		num normals        :  1161
		num tangents       :  0
		num uvs            :  2322
		num uvs2           :  0
		num colors         :  0
		num indices        :  1656
	processing begun of mesh:  Cylinder.004
		processing begun of material:  Material.021
			processing texture wood1
				texture type:  diffuseTexture, mapped using: "UVMap"
		num positions      :  247
		num normals        :  247
		num tangents       :  0
		num uvs            :  494
		num uvs2           :  0
		num colors         :  0
		num indices        :  372
	processing begun of mesh:  Cylinder.005
		processing begun of material:  Material.021
		registered as also a user of material:  Material.021
		num positions      :  247
		num normals        :  247
		num tangents       :  0
		num uvs            :  494
		num uvs2           :  0
		num colors         :  0
		num indices        :  372
	processing begun of mesh:  Cylinder.006
		processing begun of material:  Material.009
		processing begun of material:  Material.010
		processing begun of multimaterial:  Bar.Multimaterial#15
		num positions      :  74
		num normals        :  74
		num tangents       :  0
		num uvs            :  148
		num uvs2           :  0
		num colors         :  0
		num indices        :  132
	processing begun of mesh:  Cylinder.007
		processing begun of material:  Material.009
		processing begun of material:  Material.010
		registered as also a user of material:  Material.010
		processing begun of multimaterial:  Bar.Multimaterial#16
		num positions      :  74
		num normals        :  74
		num tangents       :  0
		num uvs            :  148
		num uvs2           :  0
		num colors         :  0
		num indices        :  132
	processing begun of mesh:  Cylinder.008
		processing begun of material:  Material.009
		processing begun of material:  Material.010
		registered as also a user of material:  Material.010
		processing begun of multimaterial:  Bar.Multimaterial#17
		num positions      :  74
		num normals        :  74
		num tangents       :  0
		num uvs            :  148
		num uvs2           :  0
		num colors         :  0
		num indices        :  132
	processing begun of mesh:  Cylinder.009
		processing begun of material:  Material.008
		registered as also a user of material:  Material.008
		num positions      :  406
		num normals        :  406
		num tangents       :  0
		num uvs            :  812
		num uvs2           :  0
		num colors         :  0
		num indices        :  1332
	processing begun of mesh:  Cylinder.010
		processing begun of material:  Material.009
		processing begun of material:  Material.010
		registered as also a user of material:  Material.010
		processing begun of multimaterial:  Bar.Multimaterial#18
		num positions      :  74
		num normals        :  74
		num tangents       :  0
		num uvs            :  148
		num uvs2           :  0
		num colors         :  0
		num indices        :  132
	processing begun of mesh:  Cylinder.011
		processing begun of material:  Material.009
		processing begun of material:  Material.010
		registered as also a user of material:  Material.010
		processing begun of multimaterial:  Bar.Multimaterial#19
		num positions      :  74
		num normals        :  74
		num tangents       :  0
		num uvs            :  148
		num uvs2           :  0
		num colors         :  0
		num indices        :  132
	processing begun of mesh:  Cylinder.012
		processing begun of material:  Material.009
		processing begun of material:  Material.010
		registered as also a user of material:  Material.010
		processing begun of multimaterial:  Bar.Multimaterial#20
		num positions      :  74
		num normals        :  74
		num tangents       :  0
		num uvs            :  148
		num uvs2           :  0
		num colors         :  0
		num indices        :  132
	processing begun of mesh:  Cylinder.014
		processing begun of material:  Material.013
		processing begun of material:  Material.014
			processing texture carpet
				texture type:  diffuseTexture, mapped using: "UVMap"
			processing texture wood1
				texture type:  diffuseTexture, mapped using: "UVMap"
		processing begun of multimaterial:  Bar.Multimaterial#21
		num positions      :  1265
		num normals        :  1265
		num tangents       :  0
		num uvs            :  2530
		num uvs2           :  0
		num colors         :  0
		num indices        :  2388
	processing begun of mesh:  Cylinder.016
		processing begun of material:  Material.013
		processing begun of material:  Material.014
			processing texture carpet
				texture type:  diffuseTexture, mapped using: "UVMap"
		registered as also a user of material:  Material.014
		processing begun of multimaterial:  Bar.Multimaterial#22
		num positions      :  1265
		num normals        :  1265
		num tangents       :  0
		num uvs            :  2530
		num uvs2           :  0
		num colors         :  0
		num indices        :  2388
	processing begun of mesh:  Cylinder.017
		WARNING: No materials have been assigned: 
		num positions      :  133
		num normals        :  133
		num tangents       :  0
		num uvs            :  266
		num uvs2           :  0
		num colors         :  0
		num indices        :  168
	processing begun of mesh:  Cylinder.018
		WARNING: No materials have been assigned: 
		num positions      :  133
		num normals        :  133
		num tangents       :  0
		num uvs            :  266
		num uvs2           :  0
		num colors         :  0
		num indices        :  168
	processing begun of mesh:  Cylinder.019
		WARNING: No materials have been assigned: 
		num positions      :  133
		num normals        :  133
		num tangents       :  0
		num uvs            :  266
		num uvs2           :  0
		num colors         :  0
		num indices        :  168
	processing begun of mesh:  Cylinder.020
		WARNING: No materials have been assigned: 
		num positions      :  133
		num normals        :  133
		num tangents       :  0
		num uvs            :  266
		num uvs2           :  0
		num colors         :  0
		num indices        :  168
	processing begun of mesh:  Cylinder.021
		processing begun of material:  Bouteille_bouchon.001
		processing begun of material:  Bouteille_avant
		processing begun of multimaterial:  Bar.Multimaterial#23
		num positions      :  286
		num normals        :  286
		num tangents       :  0
		num uvs            :  572
		num uvs2           :  0
		num colors         :  0
		num indices        :  348
	processing begun of mesh:  Cylinder.022
		processing begun of material:  Verre.001
		num positions      :  118
		num normals        :  118
		num tangents       :  0
		num uvs            :  236
		num uvs2           :  0
		num colors         :  0
		num indices        :  348
	processing begun of mesh:  Cylinder.023
		processing begun of material:  Verre.001
		registered as also a user of material:  Verre.001
		num positions      :  118
		num normals        :  118
		num tangents       :  0
		num uvs            :  236
		num uvs2           :  0
		num colors         :  0
		num indices        :  348
	processing begun of mesh:  Cylinder.024
		processing begun of material:  Verre.001
		registered as also a user of material:  Verre.001
		num positions      :  118
		num normals        :  118
		num tangents       :  0
		num uvs            :  236
		num uvs2           :  0
		num colors         :  0
		num indices        :  348
	processing begun of mesh:  Cylinder.025
		processing begun of material:  Box
		num positions      :  115
		num normals        :  115
		num tangents       :  0
		num uvs            :  230
		num uvs2           :  0
		num colors         :  0
		num indices        :  144
	processing begun of mesh:  Cylinder.026
		processing begun of material:  Bouteille_verte
		processing begun of material:  Bouteille_bouchon
		processing begun of material:  Bouteille_etiquette
		processing begun of multimaterial:  Bar.Multimaterial#24
		num positions      :  200
		num normals        :  200
		num tangents       :  0
		num uvs            :  400
		num uvs2           :  0
		num colors         :  0
		num indices        :  636
		WARNING: # of 0 area faces found:  20
	processing begun of mesh:  Cylinder.027
		processing begun of material:  Box
		registered as also a user of material:  Box
		num positions      :  115
		num normals        :  115
		num tangents       :  0
		num uvs            :  230
		num uvs2           :  0
		num colors         :  0
		num indices        :  144
	processing begun of mesh:  Cylinder.028
		processing begun of material:  Box
		registered as also a user of material:  Box
		num positions      :  115
		num normals        :  115
		num tangents       :  0
		num uvs            :  230
		num uvs2           :  0
		num colors         :  0
		num indices        :  144
	processing begun of mesh:  Cylinder.029
		processing begun of material:  Box
		registered as also a user of material:  Box
		num positions      :  115
		num normals        :  115
		num tangents       :  0
		num uvs            :  230
		num uvs2           :  0
		num colors         :  0
		num indices        :  144
	processing begun of mesh:  Cylinder.030
		processing begun of material:  Box
		registered as also a user of material:  Box
		num positions      :  115
		num normals        :  115
		num tangents       :  0
		num uvs            :  230
		num uvs2           :  0
		num colors         :  0
		num indices        :  144
	processing begun of mesh:  Cylinder.031
		processing begun of material:  Box
		registered as also a user of material:  Box
		num positions      :  115
		num normals        :  115
		num tangents       :  0
		num uvs            :  230
		num uvs2           :  0
		num colors         :  0
		num indices        :  144
	processing begun of mesh:  Cylinder.032
		processing begun of material:  Bouteille_verre
		processing begun of material:  Bouteille_bouchon
		registered as also a user of material:  Bouteille_bouchon
		processing begun of multimaterial:  Bar.Multimaterial#25
		num positions      :  198
		num normals        :  198
		num tangents       :  0
		num uvs            :  396
		num uvs2           :  0
		num colors         :  0
		num indices        :  648
	processing begun of mesh:  Cylinder.033
		processing begun of material:  Bouteille_noire
		processing begun of material:  Bouteille_blanche
		processing begun of multimaterial:  Bar.Multimaterial#26
		num positions      :  204
		num normals        :  204
		num tangents       :  0
		num uvs            :  408
		num uvs2           :  0
		num colors         :  0
		num indices        :  648
	processing begun of mesh:  Cylinder.034
		processing begun of material:  Bouteille_noire
		processing begun of material:  Bouteille_blanche
		registered as also a user of material:  Bouteille_blanche
		processing begun of multimaterial:  Bar.Multimaterial#27
		num positions      :  204
		num normals        :  204
		num tangents       :  0
		num uvs            :  408
		num uvs2           :  0
		num colors         :  0
		num indices        :  648
	processing begun of mesh:  Cylinder.035
		processing begun of material:  Bouteille_verte
		processing begun of material:  Bouteille_bouchon
		processing begun of material:  Bouteille_etiquette
		registered as also a user of material:  Bouteille_bouchon
		registered as also a user of material:  Bouteille_etiquette
		processing begun of multimaterial:  Bar.Multimaterial#28
		num positions      :  200
		num normals        :  200
		num tangents       :  0
		num uvs            :  400
		num uvs2           :  0
		num colors         :  0
		num indices        :  636
		WARNING: # of 0 area faces found:  20
	processing begun of mesh:  Cylinder.036
		processing begun of material:  Bouteille_verte
		processing begun of material:  Bouteille_bouchon
		processing begun of material:  Bouteille_etiquette
		registered as also a user of material:  Bouteille_bouchon
		registered as also a user of material:  Bouteille_etiquette
		processing begun of multimaterial:  Bar.Multimaterial#29
		num positions      :  200
		num normals        :  200
		num tangents       :  0
		num uvs            :  400
		num uvs2           :  0
		num colors         :  0
		num indices        :  636
		WARNING: # of 0 area faces found:  20
	processing begun of mesh:  Cylinder.037
		processing begun of material:  Material.013
		processing begun of material:  Material.014
			processing texture carpet
				texture type:  diffuseTexture, mapped using: "UVMap"
		registered as also a user of material:  Material.014
		processing begun of multimaterial:  Bar.Multimaterial#30
		num positions      :  1265
		num normals        :  1265
		num tangents       :  0
		num uvs            :  2530
		num uvs2           :  0
		num colors         :  0
		num indices        :  2388
	processing begun of mesh:  Cylinder.038
		processing begun of material:  Material.004
		processing begun of material:  Neon2
			processing texture wood1
				texture type:  diffuseTexture, mapped using: "UVMap"
		registered as also a user of material:  Neon2
		processing begun of multimaterial:  Bar.Multimaterial#31
		num positions      :  1161
		num normals        :  1161
		num tangents       :  0
		num uvs            :  2322
		num uvs2           :  0
		num colors         :  0
		num indices        :  1656
	processing begun of mesh:  Cylinder.039
		processing begun of material:  Material.008
		registered as also a user of material:  Material.008
		num positions      :  406
		num normals        :  406
		num tangents       :  0
		num uvs            :  812
		num uvs2           :  0
		num colors         :  0
		num indices        :  1332
	processing begun of mesh:  Cylinder.040
		processing begun of material:  Material.009
		processing begun of material:  Material.010
		registered as also a user of material:  Material.010
		processing begun of multimaterial:  Bar.Multimaterial#32
		num positions      :  74
		num normals        :  74
		num tangents       :  0
		num uvs            :  148
		num uvs2           :  0
		num colors         :  0
		num indices        :  132
	processing begun of mesh:  Cylinder.041
		processing begun of material:  Material.009
		processing begun of material:  Material.010
		registered as also a user of material:  Material.010
		processing begun of multimaterial:  Bar.Multimaterial#33
		num positions      :  74
		num normals        :  74
		num tangents       :  0
		num uvs            :  148
		num uvs2           :  0
		num colors         :  0
		num indices        :  132
	processing begun of mesh:  Cylinder.042
		processing begun of material:  Material.009
		processing begun of material:  Material.010
		registered as also a user of material:  Material.010
		processing begun of multimaterial:  Bar.Multimaterial#34
		num positions      :  74
		num normals        :  74
		num tangents       :  0
		num uvs            :  148
		num uvs2           :  0
		num colors         :  0
		num indices        :  132
	processing begun of mesh:  Cylinder.043
		processing begun of material:  Verre.001
		registered as also a user of material:  Verre.001
		num positions      :  118
		num normals        :  118
		num tangents       :  0
		num uvs            :  236
		num uvs2           :  0
		num colors         :  0
		num indices        :  348
	processing begun of mesh:  Cylinder.044
		processing begun of material:  Verre.001
		registered as also a user of material:  Verre.001
		num positions      :  118
		num normals        :  118
		num tangents       :  0
		num uvs            :  236
		num uvs2           :  0
		num colors         :  0
		num indices        :  348
	processing begun of mesh:  Cylinder.045
		processing begun of material:  Verre.001
		registered as also a user of material:  Verre.001
		num positions      :  118
		num normals        :  118
		num tangents       :  0
		num uvs            :  236
		num uvs2           :  0
		num colors         :  0
		num indices        :  348
	processing begun of mesh:  Piano
		processing begun of material:  Material.018
			processing texture wood1
				texture type:  diffuseTexture, mapped using: "UVMap"
		num positions      :  381
		num normals        :  381
		num tangents       :  0
		num uvs            :  762
		num uvs2           :  0
		num colors         :  0
		num indices        :  504
	processing begun of mesh:  Cylinder.001
		processing begun of material:  Material.004
		processing begun of material:  Neon2
			processing texture wood1
				texture type:  diffuseTexture, mapped using: "UVMap"
		registered as also a user of material:  Neon2
		processing begun of multimaterial:  Bar.Multimaterial#35
		num positions      :  1161
		num normals        :  1161
		num tangents       :  0
		num uvs            :  2322
		num uvs2           :  0
		num colors         :  0
		num indices        :  1656
	processing begun of mesh:  Cube.002
		processing begun of material:  Material.003
		processing begun of material:  Wallpaper
			processing texture wood5
				texture type:  diffuseTexture, mapped using: "UVMap"
		registered as also a user of material:  Wallpaper
		processing begun of multimaterial:  Bar.Multimaterial#36
		num positions      :  131
		num normals        :  131
		num tangents       :  0
		num uvs            :  262
		num uvs2           :  0
		num colors         :  0
		num indices        :  180
	processing begun of mesh:  Cube.003
		processing begun of material:  Material.003
		processing begun of material:  Wallpaper
			processing texture wood5
				texture type:  diffuseTexture, mapped using: "UVMap"
		registered as also a user of material:  Wallpaper
		processing begun of multimaterial:  Bar.Multimaterial#37
		num positions      :  131
		num normals        :  131
		num tangents       :  0
		num uvs            :  262
		num uvs2           :  0
		num colors         :  0
		num indices        :  180
	processing begun of mesh:  Cube.005
		processing begun of material:  Material.003
		processing begun of material:  Wallpaper
			processing texture wood5
				texture type:  diffuseTexture, mapped using: "UVMap"
		registered as also a user of material:  Wallpaper
		processing begun of multimaterial:  Bar.Multimaterial#38
		num positions      :  131
		num normals        :  131
		num tangents       :  0
		num uvs            :  262
		num uvs2           :  0
		num colors         :  0
		num indices        :  180
	processing begun of mesh:  Cube.011
		processing begun of material:  Material.006
		registered as also a user of material:  Material.006
		num positions      :  29
		num normals        :  29
		num tangents       :  0
		num uvs            :  58
		num uvs2           :  0
		num colors         :  0
		num indices        :  36
	processing begun of mesh:  Cube.012
		processing begun of material:  Material.006
		registered as also a user of material:  Material.006
		num positions      :  29
		num normals        :  29
		num tangents       :  0
		num uvs            :  58
		num uvs2           :  0
		num colors         :  0
		num indices        :  36
	processing begun of mesh:  Cube.013
		processing begun of material:  Material.006
		registered as also a user of material:  Material.006
		num positions      :  29
		num normals        :  29
		num tangents       :  0
		num uvs            :  58
		num uvs2           :  0
		num colors         :  0
		num indices        :  36
	processing begun of mesh:  Cube.016
		processing begun of material:  Material.006
		registered as also a user of material:  Material.006
		num positions      :  29
		num normals        :  29
		num tangents       :  0
		num uvs            :  58
		num uvs2           :  0
		num colors         :  0
		num indices        :  36
	processing begun of mesh:  Cube.023
		processing begun of material:  Material.006
		registered as also a user of material:  Material.006
		num positions      :  29
		num normals        :  29
		num tangents       :  0
		num uvs            :  58
		num uvs2           :  0
		num colors         :  0
		num indices        :  36
	processing begun of mesh:  Cube.024
		processing begun of material:  Material.006
		registered as also a user of material:  Material.006
		num positions      :  29
		num normals        :  29
		num tangents       :  0
		num uvs            :  58
		num uvs2           :  0
		num colors         :  0
		num indices        :  36
	processing begun of mesh:  Cube.031
		processing begun of material:  Material.006
		registered as also a user of material:  Material.006
		num positions      :  29
		num normals        :  29
		num tangents       :  0
		num uvs            :  58
		num uvs2           :  0
		num colors         :  0
		num indices        :  36
	processing begun of mesh:  Cube.040
		processing begun of material:  Material.006
		registered as also a user of material:  Material.006
		num positions      :  29
		num normals        :  29
		num tangents       :  0
		num uvs            :  58
		num uvs2           :  0
		num colors         :  0
		num indices        :  36
	processing begun of mesh:  Cube.041
		processing begun of material:  Material.006
		registered as also a user of material:  Material.006
		num positions      :  29
		num normals        :  29
		num tangents       :  0
		num uvs            :  58
		num uvs2           :  0
		num colors         :  0
		num indices        :  36
	processing begun of mesh:  Cube.042
		processing begun of material:  Material.006
		registered as also a user of material:  Material.006
		num positions      :  29
		num normals        :  29
		num tangents       :  0
		num uvs            :  58
		num uvs2           :  0
		num colors         :  0
		num indices        :  36
	processing begun of mesh:  Cube.043
		processing begun of material:  Material.006
		registered as also a user of material:  Material.006
		num positions      :  29
		num normals        :  29
		num tangents       :  0
		num uvs            :  58
		num uvs2           :  0
		num colors         :  0
		num indices        :  36
	processing begun of mesh:  Cube.044
		processing begun of material:  Material.006
		registered as also a user of material:  Material.006
		num positions      :  29
		num normals        :  29
		num tangents       :  0
		num uvs            :  58
		num uvs2           :  0
		num colors         :  0
		num indices        :  36
	processing begun of mesh:  Cylinder.046
		processing begun of material:  Material.013
		processing begun of material:  Material.014
			processing texture carpet
				texture type:  diffuseTexture, mapped using: "UVMap"
		registered as also a user of material:  Material.014
		processing begun of multimaterial:  Bar.Multimaterial#39
		num positions      :  1265
		num normals        :  1265
		num tangents       :  0
		num uvs            :  2530
		num uvs2           :  0
		num colors         :  0
		num indices        :  2388
	processing begun of mesh:  Cube.047
		processing begun of material:  Tableau
		processing begun of material:  Tableau_image7
			processing texture metal4
				texture type:  diffuseTexture, mapped using: "UVMap"
			processing texture mini_earth
				texture type:  diffuseTexture, mapped using: "UVMap"
		processing begun of multimaterial:  Bar.Multimaterial#40
		num positions      :  70
		num normals        :  70
		num tangents       :  0
		num uvs            :  140
		num uvs2           :  0
		num colors         :  0
		num indices        :  84
	processing begun of mesh:  Cube.046
		processing begun of material:  Tableau
		processing begun of material:  Tableau_image11
			processing texture metal4
				texture type:  diffuseTexture, mapped using: "UVMap"
			processing texture mini_ceres
				texture type:  diffuseTexture, mapped using: "UVMap"
		processing begun of multimaterial:  Bar.Multimaterial#41
		num positions      :  69
		num normals        :  69
		num tangents       :  0
		num uvs            :  138
		num uvs2           :  0
		num colors         :  0
		num indices        :  84
	processing begun of mesh:  Cube.045
		processing begun of material:  Tableau
		processing begun of material:  Tableau_image10
			processing texture metal4
				texture type:  diffuseTexture, mapped using: "UVMap"
			processing texture mini_venus
				texture type:  diffuseTexture, mapped using: "UVMap"
		processing begun of multimaterial:  Bar.Multimaterial#42
		num positions      :  69
		num normals        :  69
		num tangents       :  0
		num uvs            :  138
		num uvs2           :  0
		num colors         :  0
		num indices        :  84
	processing begun of mesh:  Cube.048
		processing begun of material:  Tableau
		processing begun of material:  Tableau_image11
			processing texture metal4
				texture type:  diffuseTexture, mapped using: "UVMap"
		registered as also a user of material:  Tableau_image11
		processing begun of multimaterial:  Bar.Multimaterial#43
		num positions      :  69
		num normals        :  69
		num tangents       :  0
		num uvs            :  138
		num uvs2           :  0
		num colors         :  0
		num indices        :  84
	processing begun of light (POINT):  Point
========= Writing of JSON file started =========
	writing mesh:  Clavier
	writing mesh:  Clavier.001
	writing mesh:  Cube
	writing mesh:  Cube.001
	writing mesh:  Cube.004
	writing mesh:  Cube.006
	writing mesh:  Cube.007
	writing mesh:  Cube.008
	writing mesh:  Cube.009
	writing mesh:  Cube.010
	writing mesh:  Cube.014
	writing mesh:  Cube.015
	writing mesh:  Cube.017
	writing mesh:  Cube.018
	writing mesh:  Cube.019
	writing mesh:  Cube.020
	writing mesh:  Cube.021
	writing mesh:  Cube.022
	writing mesh:  Cube.025
	writing mesh:  Cube.026
	writing mesh:  Cube.027
	writing mesh:  Cube.028
	writing mesh:  Cube.029
	writing mesh:  Cube.030
	writing mesh:  Cube.032
	writing mesh:  Cube.033
	writing mesh:  Cube.034
	writing mesh:  Cube.035
	writing mesh:  Cube.036
	writing mesh:  Cube.037
	writing mesh:  Cube.038
	writing mesh:  Cube.039
	writing mesh:  Cylinder
	writing mesh:  Cylinder.000
	writing mesh:  Cylinder.002
	writing mesh:  Cylinder.003
	writing mesh:  Cylinder.004
	writing mesh:  Cylinder.005
	writing mesh:  Cylinder.006
	writing mesh:  Cylinder.007
	writing mesh:  Cylinder.008
	writing mesh:  Cylinder.009
	writing mesh:  Cylinder.010
	writing mesh:  Cylinder.011
	writing mesh:  Cylinder.012
	writing mesh:  Cylinder.014
	writing mesh:  Cylinder.016
	writing mesh:  Cylinder.017
	writing mesh:  Cylinder.018
	writing mesh:  Cylinder.019
	writing mesh:  Cylinder.020
	writing mesh:  Cylinder.021
	writing mesh:  Cylinder.022
	writing mesh:  Cylinder.023
	writing mesh:  Cylinder.024
	writing mesh:  Cylinder.025
	writing mesh:  Cylinder.026
	writing mesh:  Cylinder.027
	writing mesh:  Cylinder.028
	writing mesh:  Cylinder.029
	writing mesh:  Cylinder.030
	writing mesh:  Cylinder.031
	writing mesh:  Cylinder.032
	writing mesh:  Cylinder.033
	writing mesh:  Cylinder.034
	writing mesh:  Cylinder.035
	writing mesh:  Cylinder.036
	writing mesh:  Cylinder.037
	writing mesh:  Cylinder.038
	writing mesh:  Cylinder.039
	writing mesh:  Cylinder.040
	writing mesh:  Cylinder.041
	writing mesh:  Cylinder.042
	writing mesh:  Cylinder.043
	writing mesh:  Cylinder.044
	writing mesh:  Cylinder.045
	writing mesh:  Piano
	writing mesh:  Cylinder.001
	writing mesh:  Cube.002
	writing mesh:  Cube.003
	writing mesh:  Cube.005
	writing mesh:  Cube.011
	writing mesh:  Cube.012
	writing mesh:  Cube.013
	writing mesh:  Cube.016
	writing mesh:  Cube.023
	writing mesh:  Cube.024
	writing mesh:  Cube.031
	writing mesh:  Cube.040
	writing mesh:  Cube.041
	writing mesh:  Cube.042
	writing mesh:  Cube.043
	writing mesh:  Cube.044
	writing mesh:  Cylinder.046
	writing mesh:  Cube.047
	writing mesh:  Cube.046
	writing mesh:  Cube.045
	writing mesh:  Cube.048
========= Writing of JSON file completed =========
========= end of processing =========
elapsed time:  0 min, 1.6421 secs
